S2/HMIN205-DeveloppementMobile/TP/TP2/TPex3/app/build/intermediates/manifest_merge_blame_file/debug/manifest-merger-blame-debug-report.txt
1<?xml version="1.0" encoding="utf-8"?>
2<manifest xmlns:android="http://schemas.android.com/apk/res/android"
3    package="com.example.tpex1"
4    android:versionCode="1"
5    android:versionName="1.0" >
6
7    <uses-sdk
8        android:minSdkVersion="15"
8-->src\main\AndroidManifest.xml
9        android:targetSdkVersion="29" />
9-->src\main\AndroidManifest.xml
10
11    <uses-permission android:name="android.permission.READ_EXTERNAL_STORAGE" />
11-->src\main\AndroidManifest.xml:21:5-80
11-->src\main\AndroidManifest.xml:21:22-77
12    <uses-permission android:name="android.permission.WRITE_EXTERNAL_STORAGE" />
12-->src\main\AndroidManifest.xml:22:5-81
12-->src\main\AndroidManifest.xml:22:22-78
13    <uses-permission android:name="android.permission.READ_CONTACTS" />
13-->src\main\AndroidManifest.xml:23:5-72
13-->src\main\AndroidManifest.xml:23:22-69
14
15    <application
15-->src\main\AndroidManifest.xml:5:5-20:19
16        android:allowBackup="true"
16-->src\main\AndroidManifest.xml:6:9-35
17        android:appComponentFactory="androidx.core.app.CoreComponentFactory"
17-->[androidx.core:core:1.0.1] AndroidManifest.xml:22:18-86
18        android:debuggable="true"
19        android:icon="@mipmap/ic_launcher"
19-->src\main\AndroidManifest.xml:7:9-43
20        android:label="@string/app_name"
20-->src\main\AndroidManifest.xml:8:9-41
21        android:roundIcon="@mipmap/ic_launcher_round"
21-->src\main\AndroidManifest.xml:9:9-54
22        android:supportsRtl="true"
22-->src\main\AndroidManifest.xml:10:9-35
23        android:testOnly="true"
24        android:theme="@style/AppTheme" >
24-->src\main\AndroidManifest.xml:11:9-40
25        <activity android:name="com.example.tpex1.ListeInfosActivity" />
25-->src\main\AndroidManifest.xml:12:9-56
25-->src\main\AndroidManifest.xml:12:19-53
26        <activity android:name="com.example.tpex1.MainActivity" >
26-->src\main\AndroidManifest.xml:13:9-19:20
26-->src\main\AndroidManifest.xml:13:19-47
27            <intent-filter>
27-->src\main\AndroidManifest.xml:14:13-18:29
28                <action android:name="android.intent.action.MAIN" />
28-->src\main\AndroidManifest.xml:15:17-69
28-->src\main\AndroidManifest.xml:15:25-66
29
30                <category android:name="android.intent.category.LAUNCHER" />
30-->src\main\AndroidManifest.xml:17:17-77
30-->src\main\AndroidManifest.xml:17:27-74
31            </intent-filter>
32        </activity>
33    </application>
34
35</manifest>